<?xml version="1.0" encoding="UTF-8"?>

<beans xmlns="http://www.springframework.org/schema/beans"
	xmlns:xsi="http://www.w3.org/2001/XMLSchema-instance"
	xmlns:context="http://www.springframework.org/schema/context"
	xmlns:jdbc="http://www.springframework.org/schema/jdbc"
	xmlns:jpa="http://www.springframework.org/schema/data/jpa"
	xmlns:tx="http://www.springframework.org/schema/tx"
	xsi:schemaLocation="http://www.springframework.org/schema/beans http://www.springframework.org/schema/beans/spring-beans.xsd 
    	http://www.springframework.org/schema/context http://www.springframework.org/schema/context/spring-context.xsd
    	http://www.springframework.org/schema/jdbc http://www.springframework.org/schema/jdbc/spring-jdbc.xsd
    	http://www.springframework.org/schema/data/jpa http://www.springframework.org/schema/data/jpa/spring-jpa.xsd
    	http://www.springframework.org/schema/tx http://www.springframework.org/schema/tx/spring-tx.xsd">

	<context:component-scan base-package="com.telusko.data"></context:component-scan>
	<jpa:repositories base-package="com.telusko.data"></jpa:repositories>
	<tx:annotation-driven />

	<bean id="bcrypt" class="org.springframework.security.crypto.bcrypt.BCryptPasswordEncoder"/>
	
	<bean id="noOpPassEncoder" class="org.springframework.security.crypto.password.NoOpPasswordEncoder"/>

	<jdbc:embedded-database id="dataSource" type="H2" >
		<jdbc:script location="classpath:init.sql"/>
	</jdbc:embedded-database>

	<bean id="entityManagerFactory"
		class="org.springframework.orm.jpa.LocalContainerEntityManagerFactoryBean">
		<property name="packagesToScan" value="com.telusko.data" />
		<property name="jpaProperties">
			<props>
				<prop key="hibernate.hbm2ddl.auto">create-drop</prop>
				<prop key="hibernate.dialect">org.hibernate.dialect.H2Dialect</prop>
				<!-- for reading  data from lazy loaded entity -->
				<prop key="hibernate.enable_lazy_load_no_trans">true</prop>
			</props>
		</property>
		<property name="dataSource" ref="dataSource" />
		<property name="jpaVendorAdapter">
			<bean
				class="org.springframework.orm.jpa.vendor.HibernateJpaVendorAdapter">
				<property name="generateDdl" value="true" />
				<property name="showSql" value="true" />
			</bean>
		</property>
	</bean>
	<bean id="transactionManager"
		class="org.springframework.orm.jpa.JpaTransactionManager">
		<property name="entityManagerFactory"
			ref="entityManagerFactory" />
	</bean>

	<!-- This will start both H2 web console and TCP server in the same JVM as your embedded database so that
	 you can access port 8082 with your web browser (enter jdbc:h2:mem:dataSource as URL), or access port 9092
	  with external SQL client such as SQuirreLSQL and view the same data.  -->
	  
	<bean id="h2Server" class="org.h2.tools.Server"
		factory-method="createTcpServer" init-method="start"
		destroy-method="stop" depends-on="h2WebServer">
		<constructor-arg
			value="-tcp,-tcpAllowOthers,-tcpPort,9092" />
	</bean>
	<bean id="h2WebServer" class="org.h2.tools.Server"
		factory-method="createWebServer" init-method="start"
		destroy-method="stop">
		<constructor-arg
			value="-web,-webAllowOthers,-webPort,8082" />
	</bean>
</beans>